Tue, 25 Jun 2024 03:05:08 GMT hsts deprecated The "includeSubdomains" parameter is deprecated. Use "includeSubDomains" (with a capital D) instead. at apps_nodejs/curriculosis-25012/node_modules/loopback/lib/server-app.js:74:25
Tue, 25 Jun 2024 10:47:02 GMT hsts deprecated The "includeSubdomains" parameter is deprecated. Use "includeSubDomains" (with a capital D) instead. at apps_nodejs/curriculosis-25012/node_modules/loopback/lib/server-app.js:74:25
Unhandled error for request GET /api/PalavraRaizs/listaParaVisita: TypeError: Cannot read property 'apply' of undefined
    at SharedMethod.invoke (/home/ubuntu/apps_nodejs/curriculosis-25012/node_modules/strong-remoting/lib/shared-method.js:270:27)
    at HttpContext.invoke (/home/ubuntu/apps_nodejs/curriculosis-25012/node_modules/strong-remoting/lib/http-context.js:300:12)
    at phaseInvoke (/home/ubuntu/apps_nodejs/curriculosis-25012/node_modules/strong-remoting/lib/remote-objects.js:695:9)
    at runHandler (/home/ubuntu/apps_nodejs/curriculosis-25012/node_modules/loopback-phase/lib/phase.js:135:5)
    at /home/ubuntu/apps_nodejs/curriculosis-25012/node_modules/async/dist/async.js:3110:16
    at replenish (/home/ubuntu/apps_nodejs/curriculosis-25012/node_modules/async/dist/async.js:1011:17)
    at /home/ubuntu/apps_nodejs/curriculosis-25012/node_modules/async/dist/async.js:1016:9
    at eachLimit$1 (/home/ubuntu/apps_nodejs/curriculosis-25012/node_modules/async/dist/async.js:3196:24)
    at Object.<anonymous> (/home/ubuntu/apps_nodejs/curriculosis-25012/node_modules/async/dist/async.js:1046:16)
    at runHandlers (/home/ubuntu/apps_nodejs/curriculosis-25012/node_modules/loopback-phase/lib/phase.js:144:13)
    at /home/ubuntu/apps_nodejs/curriculosis-25012/node_modules/async/dist/async.js:3110:16
    at replenish (/home/ubuntu/apps_nodejs/curriculosis-25012/node_modules/async/dist/async.js:1011:17)
    at /home/ubuntu/apps_nodejs/curriculosis-25012/node_modules/async/dist/async.js:1016:9
    at eachLimit$1 (/home/ubuntu/apps_nodejs/curriculosis-25012/node_modules/async/dist/async.js:3196:24)
    at Object.<anonymous> (/home/ubuntu/apps_nodejs/curriculosis-25012/node_modules/async/dist/async.js:1046:16)
    at Phase.run (/home/ubuntu/apps_nodejs/curriculosis-25012/node_modules/loopback-phase/lib/phase.js:148:9)
Unhandled error for request GET /api/PalavraRaizs/1: Error: Relation "oportunidadeLinkedin" is not defined for PalavraRaiz model
    at processIncludeItem (/home/ubuntu/apps_nodejs/curriculosis-25012/node_modules/loopback-datasource-juggler/lib/include.js:314:10)
    at /home/ubuntu/apps_nodejs/curriculosis-25012/node_modules/loopback-datasource-juggler/lib/include.js:192:7
    at /home/ubuntu/apps_nodejs/curriculosis-25012/node_modules/async/dist/async.js:3110:16
    at eachOfArrayLike (/home/ubuntu/apps_nodejs/curriculosis-25012/node_modules/async/dist/async.js:1069:9)
    at eachOf (/home/ubuntu/apps_nodejs/curriculosis-25012/node_modules/async/dist/async.js:1117:5)
    at Object.eachLimit (/home/ubuntu/apps_nodejs/curriculosis-25012/node_modules/async/dist/async.js:3172:5)
    at Function.Inclusion.include (/home/ubuntu/apps_nodejs/curriculosis-25012/node_modules/loopback-datasource-juggler/lib/include.js:190:9)
    at /home/ubuntu/apps_nodejs/curriculosis-25012/node_modules/loopback-connector/lib/sql.js:1415:44
    at /home/ubuntu/apps_nodejs/curriculosis-25012/node_modules/loopback-datasource-juggler/lib/observer.js:250:22
    at doNotify (/home/ubuntu/apps_nodejs/curriculosis-25012/node_modules/loopback-datasource-juggler/lib/observer.js:155:49)
    at MySQL.ObserverMixin._notifyBaseObservers (/home/ubuntu/apps_nodejs/curriculosis-25012/node_modules/loopback-datasource-juggler/lib/observer.js:178:5)
    at MySQL.ObserverMixin.notifyObserversOf (/home/ubuntu/apps_nodejs/curriculosis-25012/node_modules/loopback-datasource-juggler/lib/observer.js:153:8)
    at cbForWork (/home/ubuntu/apps_nodejs/curriculosis-25012/node_modules/loopback-datasource-juggler/lib/observer.js:240:14)
    at /home/ubuntu/apps_nodejs/curriculosis-25012/node_modules/loopback-connector/lib/sql.js:607:9
    at handleResponse (/home/ubuntu/apps_nodejs/curriculosis-25012/node_modules/loopback-connector-mysql/lib/mysql.js:193:17)
    at Query.<anonymous> (/home/ubuntu/apps_nodejs/curriculosis-25012/node_modules/loopback-connector-mysql/lib/mysql.js:204:7)
Unhandled error for request GET /api/PalavraRaizs/1: Error: Relation "oportunidadeLinkedin" is not defined for PalavraRaiz model
    at processIncludeItem (/home/ubuntu/apps_nodejs/curriculosis-25012/node_modules/loopback-datasource-juggler/lib/include.js:314:10)
    at /home/ubuntu/apps_nodejs/curriculosis-25012/node_modules/loopback-datasource-juggler/lib/include.js:192:7
    at /home/ubuntu/apps_nodejs/curriculosis-25012/node_modules/async/dist/async.js:3110:16
    at eachOfArrayLike (/home/ubuntu/apps_nodejs/curriculosis-25012/node_modules/async/dist/async.js:1069:9)
    at eachOf (/home/ubuntu/apps_nodejs/curriculosis-25012/node_modules/async/dist/async.js:1117:5)
    at Object.eachLimit (/home/ubuntu/apps_nodejs/curriculosis-25012/node_modules/async/dist/async.js:3172:5)
    at Function.Inclusion.include (/home/ubuntu/apps_nodejs/curriculosis-25012/node_modules/loopback-datasource-juggler/lib/include.js:190:9)
    at /home/ubuntu/apps_nodejs/curriculosis-25012/node_modules/loopback-connector/lib/sql.js:1415:44
    at /home/ubuntu/apps_nodejs/curriculosis-25012/node_modules/loopback-datasource-juggler/lib/observer.js:250:22
    at doNotify (/home/ubuntu/apps_nodejs/curriculosis-25012/node_modules/loopback-datasource-juggler/lib/observer.js:155:49)
    at MySQL.ObserverMixin._notifyBaseObservers (/home/ubuntu/apps_nodejs/curriculosis-25012/node_modules/loopback-datasource-juggler/lib/observer.js:178:5)
    at MySQL.ObserverMixin.notifyObserversOf (/home/ubuntu/apps_nodejs/curriculosis-25012/node_modules/loopback-datasource-juggler/lib/observer.js:153:8)
    at cbForWork (/home/ubuntu/apps_nodejs/curriculosis-25012/node_modules/loopback-datasource-juggler/lib/observer.js:240:14)
    at /home/ubuntu/apps_nodejs/curriculosis-25012/node_modules/loopback-connector/lib/sql.js:607:9
    at handleResponse (/home/ubuntu/apps_nodejs/curriculosis-25012/node_modules/loopback-connector-mysql/lib/mysql.js:193:17)
    at Query.<anonymous> (/home/ubuntu/apps_nodejs/curriculosis-25012/node_modules/loopback-connector-mysql/lib/mysql.js:204:7)
Unhandled error for request GET /api/PalavraRaizs/1: Error: Relation "oportunidadeLinkedin" is not defined for PalavraRaiz model
    at processIncludeItem (/home/ubuntu/apps_nodejs/curriculosis-25012/node_modules/loopback-datasource-juggler/lib/include.js:314:10)
    at /home/ubuntu/apps_nodejs/curriculosis-25012/node_modules/loopback-datasource-juggler/lib/include.js:192:7
    at /home/ubuntu/apps_nodejs/curriculosis-25012/node_modules/async/dist/async.js:3110:16
    at eachOfArrayLike (/home/ubuntu/apps_nodejs/curriculosis-25012/node_modules/async/dist/async.js:1069:9)
    at eachOf (/home/ubuntu/apps_nodejs/curriculosis-25012/node_modules/async/dist/async.js:1117:5)
    at Object.eachLimit (/home/ubuntu/apps_nodejs/curriculosis-25012/node_modules/async/dist/async.js:3172:5)
    at Function.Inclusion.include (/home/ubuntu/apps_nodejs/curriculosis-25012/node_modules/loopback-datasource-juggler/lib/include.js:190:9)
    at /home/ubuntu/apps_nodejs/curriculosis-25012/node_modules/loopback-connector/lib/sql.js:1415:44
    at /home/ubuntu/apps_nodejs/curriculosis-25012/node_modules/loopback-datasource-juggler/lib/observer.js:250:22
    at doNotify (/home/ubuntu/apps_nodejs/curriculosis-25012/node_modules/loopback-datasource-juggler/lib/observer.js:155:49)
    at MySQL.ObserverMixin._notifyBaseObservers (/home/ubuntu/apps_nodejs/curriculosis-25012/node_modules/loopback-datasource-juggler/lib/observer.js:178:5)
    at MySQL.ObserverMixin.notifyObserversOf (/home/ubuntu/apps_nodejs/curriculosis-25012/node_modules/loopback-datasource-juggler/lib/observer.js:153:8)
    at cbForWork (/home/ubuntu/apps_nodejs/curriculosis-25012/node_modules/loopback-datasource-juggler/lib/observer.js:240:14)
    at /home/ubuntu/apps_nodejs/curriculosis-25012/node_modules/loopback-connector/lib/sql.js:607:9
    at handleResponse (/home/ubuntu/apps_nodejs/curriculosis-25012/node_modules/loopback-connector-mysql/lib/mysql.js:193:17)
    at Query.<anonymous> (/home/ubuntu/apps_nodejs/curriculosis-25012/node_modules/loopback-connector-mysql/lib/mysql.js:204:7)
Tue, 25 Jun 2024 23:10:10 GMT hsts deprecated The "includeSubdomains" parameter is deprecated. Use "includeSubDomains" (with a capital D) instead. at apps_nodejs/curriculosis-25012/node_modules/loopback/lib/server-app.js:74:25
Unhandled error for request GET /admin/node_modules/ng-drag-drop/style.css: Error: Cannot GET /admin/node_modules/ng-drag-drop/style.css
    at raiseUrlNotFoundError (/home/ubuntu/apps_nodejs/curriculosis-25012/node_modules/loopback/server/middleware/url-not-found.js:21:19)
    at Layer.handle [as handle_request] (/home/ubuntu/apps_nodejs/curriculosis-25012/node_modules/express/lib/router/layer.js:95:5)
    at trim_prefix (/home/ubuntu/apps_nodejs/curriculosis-25012/node_modules/express/lib/router/index.js:317:13)
    at /home/ubuntu/apps_nodejs/curriculosis-25012/node_modules/express/lib/router/index.js:284:7
    at Function.process_params (/home/ubuntu/apps_nodejs/curriculosis-25012/node_modules/express/lib/router/index.js:335:12)
    at next (/home/ubuntu/apps_nodejs/curriculosis-25012/node_modules/express/lib/router/index.js:275:10)
    at SendStream.error (/home/ubuntu/apps_nodejs/curriculosis-25012/node_modules/serve-static/index.js:121:7)
    at SendStream.emit (events.js:198:13)
    at SendStream.error (/home/ubuntu/apps_nodejs/curriculosis-25012/node_modules/send/index.js:270:17)
    at SendStream.onStatError (/home/ubuntu/apps_nodejs/curriculosis-25012/node_modules/send/index.js:421:12)
    at onstat (/home/ubuntu/apps_nodejs/curriculosis-25012/node_modules/send/index.js:726:26)
    at FSReqWrap.oncomplete (fs.js:153:21)
Unhandled error for request GET /admin/assets/img/mktdigital.png: Error: Cannot GET /admin/assets/img/mktdigital.png
    at raiseUrlNotFoundError (/home/ubuntu/apps_nodejs/curriculosis-25012/node_modules/loopback/server/middleware/url-not-found.js:21:19)
    at Layer.handle [as handle_request] (/home/ubuntu/apps_nodejs/curriculosis-25012/node_modules/express/lib/router/layer.js:95:5)
    at trim_prefix (/home/ubuntu/apps_nodejs/curriculosis-25012/node_modules/express/lib/router/index.js:317:13)
    at /home/ubuntu/apps_nodejs/curriculosis-25012/node_modules/express/lib/router/index.js:284:7
    at Function.process_params (/home/ubuntu/apps_nodejs/curriculosis-25012/node_modules/express/lib/router/index.js:335:12)
    at next (/home/ubuntu/apps_nodejs/curriculosis-25012/node_modules/express/lib/router/index.js:275:10)
    at SendStream.error (/home/ubuntu/apps_nodejs/curriculosis-25012/node_modules/serve-static/index.js:121:7)
    at SendStream.emit (events.js:198:13)
    at SendStream.error (/home/ubuntu/apps_nodejs/curriculosis-25012/node_modules/send/index.js:270:17)
    at SendStream.onStatError (/home/ubuntu/apps_nodejs/curriculosis-25012/node_modules/send/index.js:421:12)
    at onstat (/home/ubuntu/apps_nodejs/curriculosis-25012/node_modules/send/index.js:726:26)
    at FSReqWrap.oncomplete (fs.js:153:21)
Unhandled error for request GET /admin/assets/img/mktdigital.png: Error: Cannot GET /admin/assets/img/mktdigital.png
    at raiseUrlNotFoundError (/home/ubuntu/apps_nodejs/curriculosis-25012/node_modules/loopback/server/middleware/url-not-found.js:21:19)
    at Layer.handle [as handle_request] (/home/ubuntu/apps_nodejs/curriculosis-25012/node_modules/express/lib/router/layer.js:95:5)
    at trim_prefix (/home/ubuntu/apps_nodejs/curriculosis-25012/node_modules/express/lib/router/index.js:317:13)
    at /home/ubuntu/apps_nodejs/curriculosis-25012/node_modules/express/lib/router/index.js:284:7
    at Function.process_params (/home/ubuntu/apps_nodejs/curriculosis-25012/node_modules/express/lib/router/index.js:335:12)
    at next (/home/ubuntu/apps_nodejs/curriculosis-25012/node_modules/express/lib/router/index.js:275:10)
    at SendStream.error (/home/ubuntu/apps_nodejs/curriculosis-25012/node_modules/serve-static/index.js:121:7)
    at SendStream.emit (events.js:198:13)
    at SendStream.error (/home/ubuntu/apps_nodejs/curriculosis-25012/node_modules/send/index.js:270:17)
    at SendStream.onStatError (/home/ubuntu/apps_nodejs/curriculosis-25012/node_modules/send/index.js:421:12)
    at onstat (/home/ubuntu/apps_nodejs/curriculosis-25012/node_modules/send/index.js:726:26)
    at FSReqWrap.oncomplete (fs.js:153:21)
Unhandled error for request GET /admin/node_modules/ng-drag-drop/style.css: Error: Cannot GET /admin/node_modules/ng-drag-drop/style.css
    at raiseUrlNotFoundError (/home/ubuntu/apps_nodejs/curriculosis-25012/node_modules/loopback/server/middleware/url-not-found.js:21:19)
    at Layer.handle [as handle_request] (/home/ubuntu/apps_nodejs/curriculosis-25012/node_modules/express/lib/router/layer.js:95:5)
    at trim_prefix (/home/ubuntu/apps_nodejs/curriculosis-25012/node_modules/express/lib/router/index.js:317:13)
    at /home/ubuntu/apps_nodejs/curriculosis-25012/node_modules/express/lib/router/index.js:284:7
    at Function.process_params (/home/ubuntu/apps_nodejs/curriculosis-25012/node_modules/express/lib/router/index.js:335:12)
    at next (/home/ubuntu/apps_nodejs/curriculosis-25012/node_modules/express/lib/router/index.js:275:10)
    at SendStream.error (/home/ubuntu/apps_nodejs/curriculosis-25012/node_modules/serve-static/index.js:121:7)
    at SendStream.emit (events.js:198:13)
    at SendStream.error (/home/ubuntu/apps_nodejs/curriculosis-25012/node_modules/send/index.js:270:17)
    at SendStream.onStatError (/home/ubuntu/apps_nodejs/curriculosis-25012/node_modules/send/index.js:421:12)
    at onstat (/home/ubuntu/apps_nodejs/curriculosis-25012/node_modules/send/index.js:726:26)
    at FSReqWrap.oncomplete (fs.js:153:21)
Unhandled error for request GET /admin/assets/img/mktdigital.png: Error: Cannot GET /admin/assets/img/mktdigital.png
    at raiseUrlNotFoundError (/home/ubuntu/apps_nodejs/curriculosis-25012/node_modules/loopback/server/middleware/url-not-found.js:21:19)
    at Layer.handle [as handle_request] (/home/ubuntu/apps_nodejs/curriculosis-25012/node_modules/express/lib/router/layer.js:95:5)
    at trim_prefix (/home/ubuntu/apps_nodejs/curriculosis-25012/node_modules/express/lib/router/index.js:317:13)
    at /home/ubuntu/apps_nodejs/curriculosis-25012/node_modules/express/lib/router/index.js:284:7
    at Function.process_params (/home/ubuntu/apps_nodejs/curriculosis-25012/node_modules/express/lib/router/index.js:335:12)
    at next (/home/ubuntu/apps_nodejs/curriculosis-25012/node_modules/express/lib/router/index.js:275:10)
    at SendStream.error (/home/ubuntu/apps_nodejs/curriculosis-25012/node_modules/serve-static/index.js:121:7)
    at SendStream.emit (events.js:198:13)
    at SendStream.error (/home/ubuntu/apps_nodejs/curriculosis-25012/node_modules/send/index.js:270:17)
    at SendStream.onStatError (/home/ubuntu/apps_nodejs/curriculosis-25012/node_modules/send/index.js:421:12)
    at onstat (/home/ubuntu/apps_nodejs/curriculosis-25012/node_modules/send/index.js:726:26)
    at FSReqWrap.oncomplete (fs.js:153:21)
Unhandled error for request GET /admin/assets/img/mktdigital.png: Error: Cannot GET /admin/assets/img/mktdigital.png
    at raiseUrlNotFoundError (/home/ubuntu/apps_nodejs/curriculosis-25012/node_modules/loopback/server/middleware/url-not-found.js:21:19)
    at Layer.handle [as handle_request] (/home/ubuntu/apps_nodejs/curriculosis-25012/node_modules/express/lib/router/layer.js:95:5)
    at trim_prefix (/home/ubuntu/apps_nodejs/curriculosis-25012/node_modules/express/lib/router/index.js:317:13)
    at /home/ubuntu/apps_nodejs/curriculosis-25012/node_modules/express/lib/router/index.js:284:7
    at Function.process_params (/home/ubuntu/apps_nodejs/curriculosis-25012/node_modules/express/lib/router/index.js:335:12)
    at next (/home/ubuntu/apps_nodejs/curriculosis-25012/node_modules/express/lib/router/index.js:275:10)
    at SendStream.error (/home/ubuntu/apps_nodejs/curriculosis-25012/node_modules/serve-static/index.js:121:7)
    at SendStream.emit (events.js:198:13)
    at SendStream.error (/home/ubuntu/apps_nodejs/curriculosis-25012/node_modules/send/index.js:270:17)
    at SendStream.onStatError (/home/ubuntu/apps_nodejs/curriculosis-25012/node_modules/send/index.js:421:12)
    at onstat (/home/ubuntu/apps_nodejs/curriculosis-25012/node_modules/send/index.js:726:26)
    at FSReqWrap.oncomplete (fs.js:153:21)
Unhandled error for request GET /admin/node_modules/ng-drag-drop/style.css: Error: Cannot GET /admin/node_modules/ng-drag-drop/style.css
    at raiseUrlNotFoundError (/home/ubuntu/apps_nodejs/curriculosis-25012/node_modules/loopback/server/middleware/url-not-found.js:21:19)
    at Layer.handle [as handle_request] (/home/ubuntu/apps_nodejs/curriculosis-25012/node_modules/express/lib/router/layer.js:95:5)
    at trim_prefix (/home/ubuntu/apps_nodejs/curriculosis-25012/node_modules/express/lib/router/index.js:317:13)
    at /home/ubuntu/apps_nodejs/curriculosis-25012/node_modules/express/lib/router/index.js:284:7
    at Function.process_params (/home/ubuntu/apps_nodejs/curriculosis-25012/node_modules/express/lib/router/index.js:335:12)
    at next (/home/ubuntu/apps_nodejs/curriculosis-25012/node_modules/express/lib/router/index.js:275:10)
    at SendStream.error (/home/ubuntu/apps_nodejs/curriculosis-25012/node_modules/serve-static/index.js:121:7)
    at SendStream.emit (events.js:198:13)
    at SendStream.error (/home/ubuntu/apps_nodejs/curriculosis-25012/node_modules/send/index.js:270:17)
    at SendStream.onStatError (/home/ubuntu/apps_nodejs/curriculosis-25012/node_modules/send/index.js:421:12)
    at onstat (/home/ubuntu/apps_nodejs/curriculosis-25012/node_modules/send/index.js:726:26)
    at FSReqWrap.oncomplete (fs.js:153:21)
Unhandled error for request GET /admin/assets/img/mktdigital.png: Error: Cannot GET /admin/assets/img/mktdigital.png
    at raiseUrlNotFoundError (/home/ubuntu/apps_nodejs/curriculosis-25012/node_modules/loopback/server/middleware/url-not-found.js:21:19)
    at Layer.handle [as handle_request] (/home/ubuntu/apps_nodejs/curriculosis-25012/node_modules/express/lib/router/layer.js:95:5)
    at trim_prefix (/home/ubuntu/apps_nodejs/curriculosis-25012/node_modules/express/lib/router/index.js:317:13)
    at /home/ubuntu/apps_nodejs/curriculosis-25012/node_modules/express/lib/router/index.js:284:7
    at Function.process_params (/home/ubuntu/apps_nodejs/curriculosis-25012/node_modules/express/lib/router/index.js:335:12)
    at next (/home/ubuntu/apps_nodejs/curriculosis-25012/node_modules/express/lib/router/index.js:275:10)
    at SendStream.error (/home/ubuntu/apps_nodejs/curriculosis-25012/node_modules/serve-static/index.js:121:7)
    at SendStream.emit (events.js:198:13)
    at SendStream.error (/home/ubuntu/apps_nodejs/curriculosis-25012/node_modules/send/index.js:270:17)
    at SendStream.onStatError (/home/ubuntu/apps_nodejs/curriculosis-25012/node_modules/send/index.js:421:12)
    at onstat (/home/ubuntu/apps_nodejs/curriculosis-25012/node_modules/send/index.js:726:26)
    at FSReqWrap.oncomplete (fs.js:153:21)
Unhandled error for request GET /admin/node_modules/ng-drag-drop/style.css: Error: Cannot GET /admin/node_modules/ng-drag-drop/style.css
    at raiseUrlNotFoundError (/home/ubuntu/apps_nodejs/curriculosis-25012/node_modules/loopback/server/middleware/url-not-found.js:21:19)
    at Layer.handle [as handle_request] (/home/ubuntu/apps_nodejs/curriculosis-25012/node_modules/express/lib/router/layer.js:95:5)
    at trim_prefix (/home/ubuntu/apps_nodejs/curriculosis-25012/node_modules/express/lib/router/index.js:317:13)
    at /home/ubuntu/apps_nodejs/curriculosis-25012/node_modules/express/lib/router/index.js:284:7
    at Function.process_params (/home/ubuntu/apps_nodejs/curriculosis-25012/node_modules/express/lib/router/index.js:335:12)
    at next (/home/ubuntu/apps_nodejs/curriculosis-25012/node_modules/express/lib/router/index.js:275:10)
    at SendStream.error (/home/ubuntu/apps_nodejs/curriculosis-25012/node_modules/serve-static/index.js:121:7)
    at SendStream.emit (events.js:198:13)
    at SendStream.error (/home/ubuntu/apps_nodejs/curriculosis-25012/node_modules/send/index.js:270:17)
    at SendStream.onStatError (/home/ubuntu/apps_nodejs/curriculosis-25012/node_modules/send/index.js:421:12)
    at onstat (/home/ubuntu/apps_nodejs/curriculosis-25012/node_modules/send/index.js:726:26)
    at FSReqWrap.oncomplete (fs.js:153:21)
Unhandled error for request GET /admin/assets/img/mktdigital.png: Error: Cannot GET /admin/assets/img/mktdigital.png
    at raiseUrlNotFoundError (/home/ubuntu/apps_nodejs/curriculosis-25012/node_modules/loopback/server/middleware/url-not-found.js:21:19)
    at Layer.handle [as handle_request] (/home/ubuntu/apps_nodejs/curriculosis-25012/node_modules/express/lib/router/layer.js:95:5)
    at trim_prefix (/home/ubuntu/apps_nodejs/curriculosis-25012/node_modules/express/lib/router/index.js:317:13)
    at /home/ubuntu/apps_nodejs/curriculosis-25012/node_modules/express/lib/router/index.js:284:7
    at Function.process_params (/home/ubuntu/apps_nodejs/curriculosis-25012/node_modules/express/lib/router/index.js:335:12)
    at next (/home/ubuntu/apps_nodejs/curriculosis-25012/node_modules/express/lib/router/index.js:275:10)
    at SendStream.error (/home/ubuntu/apps_nodejs/curriculosis-25012/node_modules/serve-static/index.js:121:7)
    at SendStream.emit (events.js:198:13)
    at SendStream.error (/home/ubuntu/apps_nodejs/curriculosis-25012/node_modules/send/index.js:270:17)
    at SendStream.onStatError (/home/ubuntu/apps_nodejs/curriculosis-25012/node_modules/send/index.js:421:12)
    at onstat (/home/ubuntu/apps_nodejs/curriculosis-25012/node_modules/send/index.js:726:26)
    at FSReqWrap.oncomplete (fs.js:153:21)
Unhandled error for request POST /api/OportunidadeLinkedins/recebeItem: Error: ER_TRUNCATED_WRONG_VALUE_FOR_FIELD: Incorrect string value: '\xF0\x9F\x92\xBE' for column 'titulo' at row 1
    at Query.Sequence._packetToError (/home/ubuntu/apps_nodejs/curriculosis-25012/node_modules/mysql/lib/protocol/sequences/Sequence.js:47:14)
    at Query.ErrorPacket (/home/ubuntu/apps_nodejs/curriculosis-25012/node_modules/mysql/lib/protocol/sequences/Query.js:79:18)
    at Protocol._parsePacket (/home/ubuntu/apps_nodejs/curriculosis-25012/node_modules/mysql/lib/protocol/Protocol.js:291:23)
    at Parser._parsePacket (/home/ubuntu/apps_nodejs/curriculosis-25012/node_modules/mysql/lib/protocol/Parser.js:433:10)
    at Parser.write (/home/ubuntu/apps_nodejs/curriculosis-25012/node_modules/mysql/lib/protocol/Parser.js:43:10)
    at Protocol.write (/home/ubuntu/apps_nodejs/curriculosis-25012/node_modules/mysql/lib/protocol/Protocol.js:38:16)
    at Socket.<anonymous> (/home/ubuntu/apps_nodejs/curriculosis-25012/node_modules/mysql/lib/Connection.js:88:28)
    at Socket.<anonymous> (/home/ubuntu/apps_nodejs/curriculosis-25012/node_modules/mysql/lib/Connection.js:526:10)
    at Socket.emit (events.js:198:13)
    at addChunk (_stream_readable.js:288:12)
    at readableAddChunk (_stream_readable.js:269:11)
    at Socket.Readable.push (_stream_readable.js:224:10)
    at TCP.onStreamRead [as onread] (internal/stream_base_commons.js:94:17)
    --------------------
    at Protocol._enqueue (/home/ubuntu/apps_nodejs/curriculosis-25012/node_modules/mysql/lib/protocol/Protocol.js:144:48)
    at PoolConnection.query (/home/ubuntu/apps_nodejs/curriculosis-25012/node_modules/mysql/lib/Connection.js:198:25)
    at runQuery (/home/ubuntu/apps_nodejs/curriculosis-25012/node_modules/loopback-connector-mysql/lib/mysql.js:197:16)
    at executeWithConnection (/home/ubuntu/apps_nodejs/curriculosis-25012/node_modules/loopback-connector-mysql/lib/mysql.js:239:7)
    at Ping.onOperationComplete (/home/ubuntu/apps_nodejs/curriculosis-25012/node_modules/mysql/lib/Pool.js:110:5)
    at Ping.<anonymous> (/home/ubuntu/apps_nodejs/curriculosis-25012/node_modules/mysql/lib/Connection.js:526:10)
    at Ping._callback (/home/ubuntu/apps_nodejs/curriculosis-25012/node_modules/mysql/lib/Connection.js:488:16)
    at Ping.Sequence.end (/home/ubuntu/apps_nodejs/curriculosis-25012/node_modules/mysql/lib/protocol/sequences/Sequence.js:83:24)
    at Ping.Sequence.OkPacket (/home/ubuntu/apps_nodejs/curriculosis-25012/node_modules/mysql/lib/protocol/sequences/Sequence.js:92:8)
    at Protocol._parsePacket (/home/ubuntu/apps_nodejs/curriculosis-25012/node_modules/mysql/lib/protocol/Protocol.js:291:23)
    at Parser._parsePacket (/home/ubuntu/apps_nodejs/curriculosis-25012/node_modules/mysql/lib/protocol/Parser.js:433:10)
    at Parser.write (/home/ubuntu/apps_nodejs/curriculosis-25012/node_modules/mysql/lib/protocol/Parser.js:43:10)
    at Protocol.write (/home/ubuntu/apps_nodejs/curriculosis-25012/node_modules/mysql/lib/protocol/Protocol.js:38:16)
    at Socket.<anonymous> (/home/ubuntu/apps_nodejs/curriculosis-25012/node_modules/mysql/lib/Connection.js:88:28)
    at Socket.<anonymous> (/home/ubuntu/apps_nodejs/curriculosis-25012/node_modules/mysql/lib/Connection.js:526:10)
    at Socket.emit (events.js:198:13)
Unhandled error for request GET /admin/palavraRaiz/2: Error: Cannot GET /admin/palavraRaiz/2
    at raiseUrlNotFoundError (/home/ubuntu/apps_nodejs/curriculosis-25012/node_modules/loopback/server/middleware/url-not-found.js:21:19)
    at Layer.handle [as handle_request] (/home/ubuntu/apps_nodejs/curriculosis-25012/node_modules/express/lib/router/layer.js:95:5)
    at trim_prefix (/home/ubuntu/apps_nodejs/curriculosis-25012/node_modules/express/lib/router/index.js:317:13)
    at /home/ubuntu/apps_nodejs/curriculosis-25012/node_modules/express/lib/router/index.js:284:7
    at Function.process_params (/home/ubuntu/apps_nodejs/curriculosis-25012/node_modules/express/lib/router/index.js:335:12)
    at next (/home/ubuntu/apps_nodejs/curriculosis-25012/node_modules/express/lib/router/index.js:275:10)
    at SendStream.error (/home/ubuntu/apps_nodejs/curriculosis-25012/node_modules/serve-static/index.js:121:7)
    at SendStream.emit (events.js:198:13)
    at SendStream.error (/home/ubuntu/apps_nodejs/curriculosis-25012/node_modules/send/index.js:270:17)
    at SendStream.onStatError (/home/ubuntu/apps_nodejs/curriculosis-25012/node_modules/send/index.js:421:12)
    at next (/home/ubuntu/apps_nodejs/curriculosis-25012/node_modules/send/index.js:735:16)
    at onstat (/home/ubuntu/apps_nodejs/curriculosis-25012/node_modules/send/index.js:724:14)
    at FSReqWrap.oncomplete (fs.js:153:21)
